C:\Program Files (x86)\Microsoft Visual Studio\2019\Community\MSBuild\Microsoft\VC\v160\Microsoft.CppBuild.targets(397,5): warning MSB8004: Output Directory does not end with a trailing slash.  This build instance will add the slash as it is required to allow proper evaluation of the Output Directory.
  CheckRouteFound.c
  DSR.c
G:\OneDrive\Documents\OFFICE\Projects\TLEACH_v10.2\32bit\Code\DSR\DSR.c(43): warning C4013: 'fn_NetSim_TLEACH_init' undefined; assuming extern returning int
G:\OneDrive\Documents\OFFICE\Projects\TLEACH_v10.2\32bit\Code\DSR\DSR.c(239): warning C4018: '<': signed/unsigned mismatch
  TLEACH.c
G:\OneDrive\Documents\OFFICE\Projects\TLEACH_v10.2\32bit\Code\DSR\TLEACH.c(45): warning C4010: single-line comment contains line-continuation character
G:\OneDrive\Documents\OFFICE\Projects\TLEACH_v10.2\32bit\Code\DSR\TLEACH.c(46): warning C4010: single-line comment contains line-continuation character
G:\OneDrive\Documents\OFFICE\Projects\TLEACH_v10.2\32bit\Code\DSR\TLEACH.c(47): warning C4010: single-line comment contains line-continuation character
G:\OneDrive\Documents\OFFICE\Projects\TLEACH_v10.2\32bit\Code\DSR\TLEACH.c(97): warning C4013: 'fn_NetSim_TLEACH_AssignClusterHead' undefined; assuming extern returning int
G:\OneDrive\Documents\OFFICE\Projects\TLEACH_v10.2\32bit\Code\DSR\TLEACH.c(124): warning C4013: 'fn_NetSim_TLEACH_IdentifyCluster' undefined; assuming extern returning int
G:\OneDrive\Documents\OFFICE\Projects\TLEACH_v10.2\32bit\Code\DSR\TLEACH.c(80): warning C4101: 'nInterface': unreferenced local variable
G:\OneDrive\Documents\OFFICE\Projects\TLEACH_v10.2\32bit\Code\DSR\TLEACH.c(184): warning C4013: 'fn_NetSim_TLEACH_set_threshold' undefined; assuming extern returning int
G:\OneDrive\Documents\OFFICE\Projects\TLEACH_v10.2\32bit\Code\DSR\TLEACH.c(191): warning C4018: '<': signed/unsigned mismatch
G:\OneDrive\Documents\OFFICE\Projects\TLEACH_v10.2\32bit\Code\DSR\TLEACH.c(238): warning C4018: '<': signed/unsigned mismatch
G:\OneDrive\Documents\OFFICE\Projects\TLEACH_v10.2\32bit\Code\DSR\TLEACH.c(266): warning C4244: '=': conversion from 'double' to 'int', possible loss of data
G:\OneDrive\Documents\OFFICE\Projects\TLEACH_v10.2\32bit\Code\DSR\TLEACH.c(269): warning C4244: '*=': conversion from 'double' to 'int', possible loss of data
  MaintBuffer.c
  Network_Layer_Ack.c
  PacketProcessing.c
G:\OneDrive\Documents\OFFICE\Projects\TLEACH_v10.2\32bit\Code\DSR\PacketProcessing.c(40): warning C4013: 'fn_NetSim_TLEACH_GetNextHop' undefined; assuming extern returning int
  RouteCache.c
  RouteError.c
  RouteReply.c
  RouteRequest.c
  SendBuffer.c
  SourceRoute.c
G:\OneDrive\Documents\OFFICE\Projects\TLEACH_v10.2\32bit\Code\DSR\SourceRoute.c(68): warning C4013: 'fn_NetSim_TLEACH_CheckDestination' undefined; assuming extern returning int
  Generating Code...
G:\OneDrive\Documents\OFFICE\Projects\TLEACH_v10.2\32bit\Code\DSR\TLEACH.c(226): warning C4715: 'fn_NetSim_TLEACH_IdentifyCluster': not all control paths return a value
C:\Program Files (x86)\Microsoft Visual Studio\2019\Community\MSBuild\Microsoft\VC\v160\Microsoft.CppBuild.targets(1226,5): warning MSB8012: TargetPath(G:\OneDrive\Documents\OFFICE\Projects\TLEACH_v10.2\32bit\Code\DSR\..\Dll\DSR.dll) does not match the Linker's OutputFile property value (G:\OneDrive\Documents\OFFICE\Projects\TLEACH_v10.2\32bit\Code\Dll\libDSR.dll). This may cause your project to build incorrectly. To correct this, please make sure that $(OutDir), $(TargetName) and $(TargetExt) property values match the value specified in %(Link.OutputFile).
C:\Program Files (x86)\Microsoft Visual Studio\2019\Community\MSBuild\Microsoft\VC\v160\Microsoft.CppBuild.targets(1228,5): warning MSB8012: TargetName(DSR) does not match the Linker's OutputFile property value (libDSR). This may cause your project to build incorrectly. To correct this, please make sure that $(OutDir), $(TargetName) and $(TargetExt) property values match the value specified in %(Link.OutputFile).
CheckRouteFound.obj : warning LNK4075: ignoring '/EDITANDCONTINUE' due to '/INCREMENTAL:NO' specification
  List.lib(List.obj) : MSIL .netmodule or module compiled with /GL found; restarting link with /LTCG; add /LTCG to the link command line to improve linker performance
CheckRouteFound.obj : warning LNK4075: ignoring '/EDITANDCONTINUE' due to '/INCREMENTAL:NO' specification
     Creating library ..\Dll\DSR.lib and object ..\Dll\DSR.exp
LINK : warning LNK4098: defaultlib 'MSVCRT' conflicts with use of other libs; use /NODEFAULTLIB:library
  Generating code
  Finished generating code
List.lib(List.obj) : warning LNK4099: PDB 'List.pdb' was not found with 'List.lib(List.obj)' or at 'G:\OneDrive\Documents\OFFICE\Projects\TLEACH_v10.2\32bit\Code\Dll\List.pdb'; linking object as if no debug info
DSR.lib(DSR.obj) : warning LNK4099: PDB 'DSRLib.pdb' was not found with 'DSR.lib(DSR.obj)' or at 'G:\OneDrive\Documents\OFFICE\Projects\TLEACH_v10.2\32bit\Code\Dll\DSRLib.pdb'; linking object as if no debug info
DSR.lib(LinkLayerAck.obj) : warning LNK4099: PDB 'DSRLib.pdb' was not found with 'DSR.lib(LinkLayerAck.obj)' or at 'G:\OneDrive\Documents\OFFICE\Projects\TLEACH_v10.2\32bit\Code\Dll\DSRLib.pdb'; linking object as if no debug info
  DSR.vcxproj -> G:\OneDrive\Documents\OFFICE\Projects\TLEACH_v10.2\32bit\Code\DSR\..\Dll\DSR.dll
