c:\users\tetcos-pc\desktop\leach_v10.2\64bit\code\zigbee\x64\debug\vc142.pdb
c:\users\tetcos-pc\desktop\leach_v10.2\64bit\code\zigbee\x64\debug\vc142.idb
c:\users\tetcos-pc\desktop\leach_v10.2\64bit\code\zigbee\x64\debug\unslottedcsmaca.obj
c:\users\tetcos-pc\desktop\leach_v10.2\64bit\code\zigbee\x64\debug\superframe.obj
c:\users\tetcos-pc\desktop\leach_v10.2\64bit\code\zigbee\x64\debug\slottedcsmaca.obj
c:\users\tetcos-pc\desktop\leach_v10.2\64bit\code\zigbee\x64\debug\sinrcalculation.obj
c:\users\tetcos-pc\desktop\leach_v10.2\64bit\code\zigbee\x64\debug\sensor.obj
c:\users\tetcos-pc\desktop\leach_v10.2\64bit\code\zigbee\x64\debug\locatebackoffboundary.obj
c:\users\tetcos-pc\desktop\leach_v10.2\64bit\code\zigbee\x64\debug\changeradiostate.obj
c:\users\tetcos-pc\desktop\leach_v10.2\64bit\code\zigbee\x64\debug\cca.obj
c:\users\tetcos-pc\desktop\leach_v10.2\64bit\code\zigbee\x64\debug\bercalculation.obj
c:\users\tetcos-pc\desktop\leach_v10.2\64bit\code\zigbee\x64\debug\backoffcalculation.obj
c:\users\tetcos-pc\desktop\leach_v10.2\64bit\code\zigbee\x64\debug\agentmodel.obj
c:\users\tetcos-pc\desktop\leach_v10.2\64bit\code\zigbee\x64\debug\802_15_4.obj
c:\users\tetcos-pc\desktop\leach_v10.2\64bit\code\dll\libzigbee.dll
c:\users\tetcos-pc\desktop\leach_v10.2\64bit\code\dll\zigbee.pdb
c:\users\tetcos-pc\desktop\leach_v10.2\64bit\code\dll\zigbee.lib
c:\users\tetcos-pc\desktop\leach_v10.2\64bit\code\dll\zigbee.exp
c:\users\tetcos-pc\desktop\leach_v10.2\64bit\code\zigbee\x64\debug\zigbee.tlog\cl.command.1.tlog
c:\users\tetcos-pc\desktop\leach_v10.2\64bit\code\zigbee\x64\debug\zigbee.tlog\cl.read.1.tlog
c:\users\tetcos-pc\desktop\leach_v10.2\64bit\code\zigbee\x64\debug\zigbee.tlog\cl.write.1.tlog
c:\users\tetcos-pc\desktop\leach_v10.2\64bit\code\zigbee\x64\debug\zigbee.tlog\link.command.1.tlog
c:\users\tetcos-pc\desktop\leach_v10.2\64bit\code\zigbee\x64\debug\zigbee.tlog\link.read.1.tlog
c:\users\tetcos-pc\desktop\leach_v10.2\64bit\code\zigbee\x64\debug\zigbee.tlog\link.write.1.tlog
c:\users\tetcos-pc\desktop\leach_v10.2\64bit\code\zigbee\x64\debug\zigbee.tlog\zigbee.write.1u.tlog
